Started GET "/" for 127.0.0.1 at 2018-12-08 14:43:59 -0500
  [1m[35m (3.6ms)[0m  [1m[34mSELECT "schema_migrations"."version" FROM "schema_migrations" ORDER BY "schema_migrations"."version" ASC[0m
Processing by HomeController#index as HTML
  Rendering home/index.html.erb within layouts/application
  Rendered home/index.html.erb within layouts/application (673.8ms)
Completed 200 OK in 808ms (Views: 793.0ms | ActiveRecord: 0.0ms)


Started GET "/contact_us" for 127.0.0.1 at 2018-12-08 14:44:05 -0500
Processing by HomeController#contact as HTML
  Rendering home/contact.html.erb within layouts/application
  Rendered home/contact.html.erb within layouts/application (4.2ms)
Completed 200 OK in 94ms (Views: 84.3ms | ActiveRecord: 0.0ms)


Started GET "/" for 127.0.0.1 at 2018-12-08 14:44:07 -0500
Processing by HomeController#index as HTML
  Rendering home/index.html.erb within layouts/application
  Rendered home/index.html.erb within layouts/application (8.2ms)
Completed 200 OK in 92ms (Views: 85.6ms | ActiveRecord: 0.0ms)


Started GET "/contact_us" for 127.0.0.1 at 2018-12-08 14:44:13 -0500
Processing by HomeController#contact as HTML
  Rendering home/contact.html.erb within layouts/application
  Rendered home/contact.html.erb within layouts/application (5.1ms)
Completed 200 OK in 98ms (Views: 92.0ms | ActiveRecord: 0.0ms)


Started GET "/" for 127.0.0.1 at 2018-12-08 14:44:15 -0500
Processing by HomeController#index as HTML
  Rendering home/index.html.erb within layouts/application
  Rendered home/index.html.erb within layouts/application (11.6ms)
Completed 200 OK in 105ms (Views: 101.0ms | ActiveRecord: 0.0ms)


Started GET "/contact_us" for 127.0.0.1 at 2018-12-08 14:44:17 -0500
Processing by HomeController#contact as HTML
  Rendering home/contact.html.erb within layouts/application
  Rendered home/contact.html.erb within layouts/application (6.0ms)
Completed 200 OK in 95ms (Views: 88.5ms | ActiveRecord: 0.0ms)


Started GET "/contact_us" for 127.0.0.1 at 2018-12-08 14:44:21 -0500
Processing by HomeController#contact as HTML
  Rendering home/contact.html.erb within layouts/application
  Rendered home/contact.html.erb within layouts/application (5.1ms)
Completed 200 OK in 84ms (Views: 79.2ms | ActiveRecord: 0.0ms)


Started GET "/faq" for 127.0.0.1 at 2018-12-08 14:44:22 -0500
Processing by HomeController#faq as HTML
  Rendering home/faq.html.erb within layouts/application
  Rendered home/faq.html.erb within layouts/application (3.3ms)
Completed 200 OK in 73ms (Views: 68.1ms | ActiveRecord: 0.0ms)


Started GET "/contact_us" for 127.0.0.1 at 2018-12-08 14:44:24 -0500
Processing by HomeController#contact as HTML
  Rendering home/contact.html.erb within layouts/application
  Rendered home/contact.html.erb within layouts/application (8.6ms)
Completed 200 OK in 101ms (Views: 92.4ms | ActiveRecord: 0.0ms)


Started GET "/" for 127.0.0.1 at 2018-12-08 14:44:26 -0500
Processing by HomeController#index as HTML
  Rendering home/index.html.erb within layouts/application
  Rendered home/index.html.erb within layouts/application (7.6ms)
Completed 200 OK in 81ms (Views: 74.4ms | ActiveRecord: 0.0ms)


Started GET "/about" for 127.0.0.1 at 2018-12-08 14:44:29 -0500
Processing by HomeController#about as HTML
  Rendering home/about.html.erb within layouts/application
  Rendered home/about.html.erb within layouts/application (4.4ms)
Completed 200 OK in 92ms (Views: 80.6ms | ActiveRecord: 0.0ms)


Started GET "/contact_us" for 127.0.0.1 at 2018-12-08 14:44:32 -0500
Processing by HomeController#contact as HTML
  Rendering home/contact.html.erb within layouts/application
  Rendered home/contact.html.erb within layouts/application (5.9ms)
Completed 200 OK in 84ms (Views: 78.6ms | ActiveRecord: 0.0ms)


Started GET "/" for 127.0.0.1 at 2018-12-08 14:44:34 -0500
Processing by HomeController#index as HTML
  Rendering home/index.html.erb within layouts/application
  Rendered home/index.html.erb within layouts/application (9.6ms)
Completed 200 OK in 88ms (Views: 84.7ms | ActiveRecord: 0.0ms)


